2025-03-22 10:01:43 [right meow!] info: Port connected
2025-03-22 10:02:04 [right meow!] info: Port connected
2025-03-22 10:03:08 [right meow!] error: Port connected
2025-03-22 10:03:37 [right meow!] info: Port Connected
2025-04-03 11:34:03 [right meow!] error: Error inside create crud repo
2025-04-03 11:37:48 [right meow!] error: Error inside create crud repo
2025-04-03 11:40:42 [right meow!] error: Error inside create crud repo
2025-04-03 11:44:31 [right meow!] error: Error inside create crud repo
2025-04-03 11:44:58 [right meow!] error: Error inside create crud repo
2025-04-03 11:45:52 [right meow!] error: Error inside create crud repo
2025-04-03 11:46:17 [right meow!] error: Error inside create crud repo
2025-04-03 11:46:27 [right meow!] error: Error inside create crud repo
2025-04-03 11:46:55 [right meow!] error: Error inside create crud repo
2025-04-03 11:48:21 [right meow!] error: Error inside create crud repo
2025-04-03 11:48:32 [right meow!] error: Error inside create crud repo
2025-04-03 11:49:01 [right meow!] error: Error inside create crud repo
2025-04-03 11:49:14 [right meow!] error: Error inside create crud repo
2025-04-03 11:49:55 [right meow!] error: Error inside create crud repo
2025-04-09 12:29:10 [right meow!] error: Error inside get in crud repo
2025-04-09 12:29:52 [right meow!] error: Error inside get in crud repo
2025-04-09 12:34:13 [right meow!] error: Error inside get in crud repo
2025-04-09 12:34:34 [right meow!] error: Error inside get in crud repo
2025-04-09 12:34:55 [right meow!] error: Error inside get in crud repo
2025-04-09 12:35:33 [right meow!] error: Error inside get in crud repo
2025-04-09 12:36:16 [right meow!] error: Error inside get in crud repo
2025-04-09 12:38:04 [right meow!] error: Error inside get in crud repo
2025-04-09 17:33:07 [right meow!] error: Error inside create crud repo
2025-04-09 17:35:55 [right meow!] error: Error inside create crud repo
2025-04-09 17:36:16 [right meow!] error: Error inside create crud repo
2025-04-09 17:37:11 [right meow!] error: Error inside create crud repo
2025-04-09 17:37:25 [right meow!] error: Error inside create crud repo
2025-04-09 17:37:44 [right meow!] error: Error inside create crud repo
2025-04-09 17:38:43 [right meow!] error: Error inside create crud repo
2025-04-09 17:39:06 [right meow!] error: Error inside create crud repo
2025-04-09 17:40:13 [right meow!] error: Error inside create crud repo
